2025-03-13 17:54:34,106 - INFO - ====== WebDriver manager ======
2025-03-13 17:54:35,671 - INFO - Get LATEST chromedriver version for google-chrome
2025-03-13 17:54:35,735 - INFO - Get LATEST chromedriver version for google-chrome
2025-03-13 17:54:35,787 - INFO - Driver [C:\Users\lilch\.wdm\drivers\chromedriver\win64\127.0.6533.119\chromedriver-win32/chromedriver.exe] found in cache
2025-03-13 17:54:40,837 - INFO - Found job link: https://fugetec.com/job/network-engineers-1739902536
2025-03-13 17:54:40,837 - INFO - Found job link: https://fugetec.com/job/business-analysts-1739902460
2025-03-13 17:54:40,837 - INFO - Found job link: https://fugetec.com/job/product-owners-1739902406
2025-03-13 17:54:40,840 - INFO - Found job link: https://fugetec.com/job/devops-engineers-1739902354
2025-03-13 17:54:40,840 - INFO - Found job link: https://fugetec.com/job/sap-consultants-1739902299
2025-03-13 17:54:40,840 - INFO - Found job link: https://fugetec.com/job/data-engineers-1739902189
2025-03-13 17:54:40,840 - INFO - Found job link: https://fugetec.com/job/software-developers-1739809732
2025-03-13 17:54:40,840 - INFO - Found job link: https://fugetec.com/job/qa-testers-1739809634
2025-03-13 17:54:40,840 - INFO - Found job link: https://fugetec.com/job/python-developer-1731349039
2025-03-13 17:54:40,841 - INFO - Found job link: https://fugetec.com/job/workday-consultant-1731332119
2025-03-13 17:54:40,841 - INFO - Total job links found: 10
2025-03-13 17:54:40,841 - INFO - Accessing job page: https://fugetec.com/job/network-engineers-1739902536
2025-03-13 17:54:41,191 - INFO - Successfully scraped job: NETWORK ENGINEERS
2025-03-13 17:54:42,192 - INFO - Accessing job page: https://fugetec.com/job/business-analysts-1739902460
2025-03-13 17:54:42,389 - INFO - Successfully scraped job: BUSINESS ANALYSTS
2025-03-13 17:54:43,390 - INFO - Accessing job page: https://fugetec.com/job/product-owners-1739902406
2025-03-13 17:54:43,554 - INFO - Successfully scraped job: PRODUCT OWNERS
2025-03-13 17:54:44,555 - INFO - Accessing job page: https://fugetec.com/job/devops-engineers-1739902354
2025-03-13 17:54:44,712 - INFO - Successfully scraped job: DEVOPS ENGINEERS
2025-03-13 17:54:45,714 - INFO - Accessing job page: https://fugetec.com/job/sap-consultants-1739902299
2025-03-13 17:54:45,888 - INFO - Successfully scraped job: SAP CONSULTANTS
2025-03-13 17:54:46,888 - INFO - Accessing job page: https://fugetec.com/job/data-engineers-1739902189
2025-03-13 17:54:47,051 - INFO - Successfully scraped job: DATA ENGINEERS
2025-03-13 17:54:48,052 - INFO - Accessing job page: https://fugetec.com/job/software-developers-1739809732
2025-03-13 17:54:48,236 - INFO - Successfully scraped job: SOFTWARE DEVELOPERS
2025-03-13 17:54:49,237 - INFO - Accessing job page: https://fugetec.com/job/qa-testers-1739809634
2025-03-13 17:54:49,427 - INFO - Successfully scraped job: QA TESTERS
2025-03-13 17:54:50,428 - INFO - Accessing job page: https://fugetec.com/job/python-developer-1731349039
2025-03-13 17:54:50,616 - INFO - Successfully scraped job: Python Developer
2025-03-13 17:54:51,617 - INFO - Accessing job page: https://fugetec.com/job/workday-consultant-1731332119
2025-03-13 17:54:51,781 - INFO - Successfully scraped job: Workday Consultant
2025-03-13 17:54:52,783 - INFO - Successfully scraped 10 jobs and saved to fugetec_jobs.csv
2025-03-13 17:54:54,967 - INFO - WebDriver closed
2025-03-18 09:39:58,630 - INFO - ====== WebDriver manager ======
2025-03-18 09:40:00,975 - INFO - Get LATEST chromedriver version for google-chrome
2025-03-18 09:40:01,012 - INFO - Get LATEST chromedriver version for google-chrome
2025-03-18 09:40:01,043 - INFO - Driver [C:\Users\lilch\.wdm\drivers\chromedriver\win64\127.0.6533.119\chromedriver-win32/chromedriver.exe] found in cache
2025-03-18 09:40:13,045 - ERROR - An error occurred: Message: 
Stacktrace:
	GetHandleVerifier [0x007B8923+23283]
	(No symbol) [0x0077E934]
	(No symbol) [0x006B0733]
	(No symbol) [0x006F326F]
	(No symbol) [0x006F34AB]
	(No symbol) [0x0072EE42]
	(No symbol) [0x00714464]
	(No symbol) [0x0072CB8D]
	(No symbol) [0x007141B6]
	(No symbol) [0x006E8017]
	(No symbol) [0x006E890D]
	GetHandleVerifier [0x008AA5F3+1013699]
	GetHandleVerifier [0x008B3E4C+1052700]
	GetHandleVerifier [0x008AD4B4+1025668]
	GetHandleVerifier [0x007DEA2B+179195]
	(No symbol) [0x00786833]
	(No symbol) [0x00783198]
	(No symbol) [0x00783337]
	(No symbol) [0x0077B4BE]
	BaseThreadInitThunk [0x761E5D49+25]
	RtlInitializeExceptionChain [0x771CCE3B+107]
	RtlGetAppContainerNamedObjectPath [0x771CCDC1+561]

2025-03-18 09:40:13,048 - ERROR - Traceback (most recent call last):
  File "C:\Users\lilch\Desktop\Webscraper\Fugetec.py", line 41, in fugetec
    WebDriverWait(driver, 10).until(
  File "C:\Users\lilch\Desktop\Webscraper\.venv\Lib\site-packages\selenium\webdriver\support\wait.py", line 146, in until
    raise TimeoutException(message, screen, stacktrace)
selenium.common.exceptions.TimeoutException: Message: 
Stacktrace:
	GetHandleVerifier [0x007B8923+23283]
	(No symbol) [0x0077E934]
	(No symbol) [0x006B0733]
	(No symbol) [0x006F326F]
	(No symbol) [0x006F34AB]
	(No symbol) [0x0072EE42]
	(No symbol) [0x00714464]
	(No symbol) [0x0072CB8D]
	(No symbol) [0x007141B6]
	(No symbol) [0x006E8017]
	(No symbol) [0x006E890D]
	GetHandleVerifier [0x008AA5F3+1013699]
	GetHandleVerifier [0x008B3E4C+1052700]
	GetHandleVerifier [0x008AD4B4+1025668]
	GetHandleVerifier [0x007DEA2B+179195]
	(No symbol) [0x00786833]
	(No symbol) [0x00783198]
	(No symbol) [0x00783337]
	(No symbol) [0x0077B4BE]
	BaseThreadInitThunk [0x761E5D49+25]
	RtlInitializeExceptionChain [0x771CCE3B+107]
	RtlGetAppContainerNamedObjectPath [0x771CCDC1+561]


2025-03-18 09:40:15,111 - INFO - WebDriver closed
2025-03-18 09:40:15,111 - INFO - ====== WebDriver manager ======
2025-03-18 09:40:17,418 - INFO - Get LATEST chromedriver version for google-chrome
2025-03-18 09:40:21,520 - INFO - Get LATEST chromedriver version for google-chrome
2025-03-18 09:40:21,551 - INFO - Driver [C:\Users\lilch\.wdm\drivers\chromedriver\win64\127.0.6533.119\chromedriver-win32/chromedriver.exe] found in cache
2025-03-18 09:40:22,641 - INFO - WebDriver initialized successfully
2025-03-18 09:40:22,641 - INFO - Accessing careers page: https://www.tekreant.com/careers
2025-03-18 09:40:23,738 - INFO - Page loaded successfully
2025-03-18 09:40:28,758 - INFO - Page source saved to tekreant_page_source.html for debugging
2025-03-18 09:40:28,759 - WARNING - No job cards found with expected classes, trying alternative approach
2025-03-18 09:40:28,759 - INFO - Found 3 potential job titles
2025-03-18 09:40:28,759 - INFO - Processing job title: Software Developer (TSD24)
2025-03-18 09:40:28,759 - INFO - Found description text: Master’s only/equiv....
2025-03-18 09:40:28,760 - INFO - Found description text: Develop, create and modify computer applications s...
2025-03-18 09:40:28,760 - INFO - Found location span text: Develop, create and modify computer applications s...
2025-03-18 09:40:28,762 - INFO - Extracted job: Software Developer (TSD24)
2025-03-18 09:40:28,762 - INFO - Processing job title: QA Engineer I (TQEI23)
2025-03-18 09:40:28,762 - INFO - Found description text: Master's+2yrs exp/equiv....
2025-03-18 09:40:28,762 - INFO - Found description text: SQL, NoSQL, Agile Scrum, JMeter, Java, Maven, GitH...
2025-03-18 09:40:28,762 - INFO - Found location span text: SQL, NoSQL, Agile Scrum, JMeter, Java, Maven, GitH...
2025-03-18 09:40:28,762 - INFO - Extracted job: QA Engineer I (TQEI23)
2025-03-18 09:40:28,762 - INFO - Processing job title: QA Engineer (TQE23)
2025-03-18 09:40:28,762 - INFO - Found description text: Bachelor's+3yrs exp/equiv....
2025-03-18 09:40:28,762 - INFO - Found description text: SQL, Java, Maven, Jenkins, LINUX, ALM, Jira and
  ...
2025-03-18 09:40:28,762 - INFO - Found location span text: SQL, Java, Maven, Jenkins, LINUX, ALM, Jira and
  ...
2025-03-18 09:40:28,762 - INFO - Extracted job: QA Engineer (TQE23)
2025-03-18 09:40:28,763 - INFO - Scraped 3 jobs and saved to job_listings.csv
2025-03-18 09:40:28,763 - INFO - Summary of jobs found:
2025-03-18 09:40:28,763 - INFO - Job 1: Software Developer (TSD24)
2025-03-18 09:40:28,763 - INFO -    Description: Master’s only/equiv. Develop, create and modify computer applications software. Develop, create and ...
2025-03-18 09:40:28,763 - INFO - Job 2: QA Engineer I (TQEI23)
2025-03-18 09:40:28,763 - INFO -    Description: Master's+2yrs exp/equiv. SQL, NoSQL, Agile Scrum, JMeter, Java, Maven, GitHub
                      ...
2025-03-18 09:40:28,763 - INFO - Job 3: QA Engineer (TQE23)
2025-03-18 09:40:28,763 - INFO -    Description: Bachelor's+3yrs exp/equiv. SQL, Java, Maven, Jenkins, LINUX, ALM, Jira and
                        J...
2025-03-18 09:40:32,372 - INFO - WebDriver closed
2025-03-18 09:53:53,391 - INFO - ====== WebDriver manager ======
2025-03-18 09:53:55,940 - INFO - Get LATEST chromedriver version for google-chrome
2025-03-18 09:53:55,991 - INFO - Get LATEST chromedriver version for google-chrome
2025-03-18 09:53:56,031 - INFO - Driver [C:\Users\lilch\.wdm\drivers\chromedriver\win64\127.0.6533.119\chromedriver-win32/chromedriver.exe] found in cache
2025-03-18 09:54:00,929 - INFO - Found job link: https://fugetec.com/job/network-engineers-1739902536
2025-03-18 09:54:00,929 - INFO - Found job link: https://fugetec.com/job/business-analysts-1739902460
2025-03-18 09:54:00,929 - INFO - Found job link: https://fugetec.com/job/product-owners-1739902406
2025-03-18 09:54:00,929 - INFO - Found job link: https://fugetec.com/job/devops-engineers-1739902354
2025-03-18 09:54:00,929 - INFO - Found job link: https://fugetec.com/job/sap-consultants-1739902299
2025-03-18 09:54:00,929 - INFO - Found job link: https://fugetec.com/job/data-engineers-1739902189
2025-03-18 09:54:00,929 - INFO - Found job link: https://fugetec.com/job/software-developers-1739809732
2025-03-18 09:54:00,929 - INFO - Found job link: https://fugetec.com/job/qa-testers-1739809634
2025-03-18 09:54:00,929 - INFO - Found job link: https://fugetec.com/job/python-developer-1731349039
2025-03-18 09:54:00,929 - INFO - Found job link: https://fugetec.com/job/lead-machine-learning-operations-engineer-mlops-1731336809
2025-03-18 09:54:00,929 - INFO - Found job link: https://fugetec.com/job/workday-consultant-1731332119
2025-03-18 09:54:00,929 - INFO - Total job links found: 11
2025-03-18 09:54:00,929 - INFO - Accessing job page: https://fugetec.com/job/network-engineers-1739902536
2025-03-18 09:54:01,179 - INFO - Successfully scraped job: NETWORK ENGINEERS
2025-03-18 09:54:02,179 - INFO - Accessing job page: https://fugetec.com/job/business-analysts-1739902460
2025-03-18 09:54:02,299 - INFO - Successfully scraped job: BUSINESS ANALYSTS
2025-03-18 09:54:03,300 - INFO - Accessing job page: https://fugetec.com/job/product-owners-1739902406
2025-03-18 09:54:03,399 - INFO - Successfully scraped job: PRODUCT OWNERS
2025-03-18 09:54:04,400 - INFO - Accessing job page: https://fugetec.com/job/devops-engineers-1739902354
2025-03-18 09:54:04,502 - INFO - Successfully scraped job: DEVOPS ENGINEERS
2025-03-18 09:54:05,503 - INFO - Accessing job page: https://fugetec.com/job/sap-consultants-1739902299
2025-03-18 09:54:05,608 - INFO - Successfully scraped job: SAP CONSULTANTS
2025-03-18 09:54:06,609 - INFO - Accessing job page: https://fugetec.com/job/data-engineers-1739902189
2025-03-18 09:54:06,711 - INFO - Successfully scraped job: DATA ENGINEERS
2025-03-18 09:54:07,712 - INFO - Accessing job page: https://fugetec.com/job/software-developers-1739809732
2025-03-18 09:54:07,813 - INFO - Successfully scraped job: SOFTWARE DEVELOPERS
2025-03-18 09:54:08,815 - INFO - Accessing job page: https://fugetec.com/job/qa-testers-1739809634
2025-03-18 09:54:08,931 - INFO - Successfully scraped job: QA TESTERS
2025-03-18 09:54:09,932 - INFO - Accessing job page: https://fugetec.com/job/python-developer-1731349039
2025-03-18 09:54:10,062 - INFO - Successfully scraped job: Python Developer
2025-03-18 09:54:11,063 - INFO - Accessing job page: https://fugetec.com/job/lead-machine-learning-operations-engineer-mlops-1731336809
2025-03-18 09:54:11,168 - INFO - Successfully scraped job: Lead Machine Learning Operations Engineer (MLOps)
2025-03-18 09:54:12,169 - INFO - Accessing job page: https://fugetec.com/job/workday-consultant-1731332119
2025-03-18 09:54:12,285 - INFO - Successfully scraped job: Workday Consultant
2025-03-18 09:54:13,289 - INFO - Successfully scraped 11 jobs and saved to job_listings.csv
2025-03-18 09:54:15,362 - INFO - WebDriver closed
2025-03-18 09:59:30,980 - INFO - ====== WebDriver manager ======
2025-03-18 09:59:33,294 - INFO - Get LATEST chromedriver version for google-chrome
2025-03-18 09:59:33,329 - INFO - Get LATEST chromedriver version for google-chrome
2025-03-18 09:59:33,362 - INFO - Driver [C:\Users\lilch\.wdm\drivers\chromedriver\win64\127.0.6533.119\chromedriver-win32/chromedriver.exe] found in cache
2025-03-18 09:59:35,494 - INFO - Found job link: https://fugetec.com/job/network-engineers-1739902536
2025-03-18 09:59:35,494 - INFO - Found job link: https://fugetec.com/job/business-analysts-1739902460
2025-03-18 09:59:35,494 - INFO - Found job link: https://fugetec.com/job/product-owners-1739902406
2025-03-18 09:59:35,494 - INFO - Found job link: https://fugetec.com/job/devops-engineers-1739902354
2025-03-18 09:59:35,494 - INFO - Found job link: https://fugetec.com/job/sap-consultants-1739902299
2025-03-18 09:59:35,494 - INFO - Found job link: https://fugetec.com/job/data-engineers-1739902189
2025-03-18 09:59:35,494 - INFO - Found job link: https://fugetec.com/job/software-developers-1739809732
2025-03-18 09:59:35,494 - INFO - Found job link: https://fugetec.com/job/qa-testers-1739809634
2025-03-18 09:59:35,494 - INFO - Found job link: https://fugetec.com/job/python-developer-1731349039
2025-03-18 09:59:35,494 - INFO - Found job link: https://fugetec.com/job/lead-machine-learning-operations-engineer-mlops-1731336809
2025-03-18 09:59:35,494 - INFO - Found job link: https://fugetec.com/job/workday-consultant-1731332119
2025-03-18 09:59:35,494 - INFO - Total job links found: 11
2025-03-18 09:59:35,494 - INFO - Accessing job page: https://fugetec.com/job/network-engineers-1739902536
2025-03-18 09:59:35,738 - INFO - Successfully scraped job: NETWORK ENGINEERS
2025-03-18 09:59:36,738 - INFO - Accessing job page: https://fugetec.com/job/business-analysts-1739902460
2025-03-18 09:59:36,857 - INFO - Successfully scraped job: BUSINESS ANALYSTS
2025-03-18 09:59:37,858 - INFO - Accessing job page: https://fugetec.com/job/product-owners-1739902406
2025-03-18 09:59:37,976 - INFO - Successfully scraped job: PRODUCT OWNERS
2025-03-18 09:59:38,977 - INFO - Accessing job page: https://fugetec.com/job/devops-engineers-1739902354
2025-03-18 09:59:39,138 - INFO - Successfully scraped job: DEVOPS ENGINEERS
2025-03-18 09:59:40,140 - INFO - Accessing job page: https://fugetec.com/job/sap-consultants-1739902299
2025-03-18 09:59:40,266 - INFO - Successfully scraped job: SAP CONSULTANTS
2025-03-18 09:59:41,267 - INFO - Accessing job page: https://fugetec.com/job/data-engineers-1739902189
2025-03-18 09:59:45,522 - INFO - Successfully scraped job: DATA ENGINEERS
2025-03-18 09:59:46,523 - INFO - Accessing job page: https://fugetec.com/job/software-developers-1739809732
2025-03-18 09:59:46,658 - INFO - Successfully scraped job: SOFTWARE DEVELOPERS
2025-03-18 09:59:47,659 - INFO - Accessing job page: https://fugetec.com/job/qa-testers-1739809634
2025-03-18 09:59:47,795 - INFO - Successfully scraped job: QA TESTERS
2025-03-18 09:59:48,795 - INFO - Accessing job page: https://fugetec.com/job/python-developer-1731349039
2025-03-18 09:59:48,922 - INFO - Successfully scraped job: Python Developer
2025-03-18 09:59:49,923 - INFO - Accessing job page: https://fugetec.com/job/lead-machine-learning-operations-engineer-mlops-1731336809
2025-03-18 09:59:50,051 - INFO - Successfully scraped job: Lead Machine Learning Operations Engineer (MLOps)
2025-03-18 09:59:51,051 - INFO - Accessing job page: https://fugetec.com/job/workday-consultant-1731332119
2025-03-18 09:59:51,177 - INFO - Successfully scraped job: Workday Consultant
2025-03-18 09:59:52,177 - INFO - Successfully scraped 11 jobs and saved to job_listings.csv
2025-03-18 09:59:54,264 - INFO - WebDriver closed
2025-03-18 09:59:54,264 - INFO - ====== WebDriver manager ======
2025-03-18 09:59:56,585 - INFO - Get LATEST chromedriver version for google-chrome
2025-03-18 09:59:56,615 - INFO - Get LATEST chromedriver version for google-chrome
2025-03-18 09:59:56,649 - INFO - Driver [C:\Users\lilch\.wdm\drivers\chromedriver\win64\127.0.6533.119\chromedriver-win32/chromedriver.exe] found in cache
2025-03-18 09:59:57,638 - INFO - WebDriver initialized successfully
2025-03-18 09:59:57,638 - INFO - Accessing careers page: https://www.tekreant.com/careers
2025-03-18 09:59:59,248 - INFO - Page loaded successfully
2025-03-18 10:00:04,265 - INFO - Page source saved to tekreant_page_source.html for debugging
2025-03-18 10:00:04,265 - WARNING - No job cards found with expected classes, trying alternative approach
2025-03-18 10:00:04,267 - INFO - Found 3 potential job titles
2025-03-18 10:00:04,267 - INFO - Processing job title: Software Developer (TSD24)
2025-03-18 10:00:04,267 - INFO - Found description text: Master’s only/equiv....
2025-03-18 10:00:04,267 - INFO - Found description text: Develop, create and modify computer applications s...
2025-03-18 10:00:04,267 - INFO - Found location span text: Develop, create and modify computer applications s...
2025-03-18 10:00:04,267 - INFO - Extracted job: Software Developer (TSD24)
2025-03-18 10:00:04,267 - INFO - Processing job title: QA Engineer I (TQEI23)
2025-03-18 10:00:04,267 - INFO - Found description text: Master's+2yrs exp/equiv....
2025-03-18 10:00:04,267 - INFO - Found description text: SQL, NoSQL, Agile Scrum, JMeter, Java, Maven, GitH...
2025-03-18 10:00:04,267 - INFO - Found location span text: SQL, NoSQL, Agile Scrum, JMeter, Java, Maven, GitH...
2025-03-18 10:00:04,267 - INFO - Extracted job: QA Engineer I (TQEI23)
2025-03-18 10:00:04,267 - INFO - Processing job title: QA Engineer (TQE23)
2025-03-18 10:00:04,267 - INFO - Found description text: Bachelor's+3yrs exp/equiv....
2025-03-18 10:00:04,267 - INFO - Found description text: SQL, Java, Maven, Jenkins, LINUX, ALM, Jira and
  ...
2025-03-18 10:00:04,268 - INFO - Found location span text: SQL, Java, Maven, Jenkins, LINUX, ALM, Jira and
  ...
2025-03-18 10:00:04,268 - INFO - Extracted job: QA Engineer (TQE23)
2025-03-18 10:00:04,268 - INFO - Scraped 3 jobs and saved to job_listings.csv
2025-03-18 10:00:04,268 - INFO - Summary of jobs found:
2025-03-18 10:00:04,268 - INFO - Job 1: Software Developer (TSD24)
2025-03-18 10:00:04,268 - INFO -    Description: Master’s only/equiv. Develop, create and modify computer applications software. Develop, create and ...
2025-03-18 10:00:04,268 - INFO - Job 2: QA Engineer I (TQEI23)
2025-03-18 10:00:04,268 - INFO -    Description: Master's+2yrs exp/equiv. SQL, NoSQL, Agile Scrum, JMeter, Java, Maven, GitHub
                      ...
2025-03-18 10:00:04,268 - INFO - Job 3: QA Engineer (TQE23)
2025-03-18 10:00:04,268 - INFO -    Description: Bachelor's+3yrs exp/equiv. SQL, Java, Maven, Jenkins, LINUX, ALM, Jira and
                        J...
2025-03-18 10:00:06,338 - INFO - WebDriver closed
2025-03-18 10:05:51,702 - INFO - ====== WebDriver manager ======
2025-03-18 10:05:54,050 - INFO - Get LATEST chromedriver version for google-chrome
2025-03-18 10:05:54,092 - INFO - Get LATEST chromedriver version for google-chrome
2025-03-18 10:05:54,124 - INFO - Driver [C:\Users\lilch\.wdm\drivers\chromedriver\win64\127.0.6533.119\chromedriver-win32/chromedriver.exe] found in cache
2025-03-18 10:05:56,296 - INFO - Found job link: https://fugetec.com/job/network-engineers-1739902536
2025-03-18 10:05:56,296 - INFO - Found job link: https://fugetec.com/job/business-analysts-1739902460
2025-03-18 10:05:56,296 - INFO - Found job link: https://fugetec.com/job/product-owners-1739902406
2025-03-18 10:05:56,296 - INFO - Found job link: https://fugetec.com/job/devops-engineers-1739902354
2025-03-18 10:05:56,296 - INFO - Found job link: https://fugetec.com/job/sap-consultants-1739902299
2025-03-18 10:05:56,296 - INFO - Found job link: https://fugetec.com/job/data-engineers-1739902189
2025-03-18 10:05:56,297 - INFO - Found job link: https://fugetec.com/job/software-developers-1739809732
2025-03-18 10:05:56,297 - INFO - Found job link: https://fugetec.com/job/qa-testers-1739809634
2025-03-18 10:05:56,297 - INFO - Found job link: https://fugetec.com/job/python-developer-1731349039
2025-03-18 10:05:56,297 - INFO - Found job link: https://fugetec.com/job/lead-machine-learning-operations-engineer-mlops-1731336809
2025-03-18 10:05:56,297 - INFO - Found job link: https://fugetec.com/job/workday-consultant-1731332119
2025-03-18 10:05:56,297 - INFO - Total job links found: 11
2025-03-18 10:05:56,297 - INFO - Accessing job page: https://fugetec.com/job/network-engineers-1739902536
2025-03-18 10:05:56,518 - INFO - Successfully scraped job: NETWORK ENGINEERS
2025-03-18 10:05:57,518 - INFO - Accessing job page: https://fugetec.com/job/business-analysts-1739902460
2025-03-18 10:05:57,641 - INFO - Successfully scraped job: BUSINESS ANALYSTS
2025-03-18 10:05:58,642 - INFO - Accessing job page: https://fugetec.com/job/product-owners-1739902406
2025-03-18 10:05:58,766 - INFO - Successfully scraped job: PRODUCT OWNERS
2025-03-18 10:05:59,768 - INFO - Accessing job page: https://fugetec.com/job/devops-engineers-1739902354
2025-03-18 10:05:59,937 - INFO - Successfully scraped job: DEVOPS ENGINEERS
2025-03-18 10:06:00,937 - INFO - Accessing job page: https://fugetec.com/job/sap-consultants-1739902299
2025-03-18 10:06:01,085 - INFO - Successfully scraped job: SAP CONSULTANTS
2025-03-18 10:06:02,086 - INFO - Accessing job page: https://fugetec.com/job/data-engineers-1739902189
2025-03-18 10:06:06,297 - INFO - Successfully scraped job: DATA ENGINEERS
2025-03-18 10:06:07,298 - INFO - Accessing job page: https://fugetec.com/job/software-developers-1739809732
2025-03-18 10:06:07,422 - INFO - Successfully scraped job: SOFTWARE DEVELOPERS
2025-03-18 10:06:08,423 - INFO - Accessing job page: https://fugetec.com/job/qa-testers-1739809634
2025-03-18 10:06:08,544 - INFO - Successfully scraped job: QA TESTERS
2025-03-18 10:06:09,545 - INFO - Accessing job page: https://fugetec.com/job/python-developer-1731349039
2025-03-18 10:06:09,695 - INFO - Successfully scraped job: Python Developer
2025-03-18 10:06:10,696 - INFO - Accessing job page: https://fugetec.com/job/lead-machine-learning-operations-engineer-mlops-1731336809
2025-03-18 10:06:10,827 - INFO - Successfully scraped job: Lead Machine Learning Operations Engineer (MLOps)
2025-03-18 10:06:11,828 - INFO - Accessing job page: https://fugetec.com/job/workday-consultant-1731332119
2025-03-18 10:06:11,952 - INFO - Successfully scraped job: Workday Consultant
2025-03-18 10:06:12,953 - INFO - Successfully scraped 11 jobs and saved to job_listings.csv
2025-03-18 10:06:15,019 - INFO - WebDriver closed
2025-03-18 10:06:15,019 - INFO - ====== WebDriver manager ======
2025-03-18 10:06:17,334 - INFO - Get LATEST chromedriver version for google-chrome
2025-03-18 10:06:17,365 - INFO - Get LATEST chromedriver version for google-chrome
2025-03-18 10:06:17,393 - INFO - Driver [C:\Users\lilch\.wdm\drivers\chromedriver\win64\127.0.6533.119\chromedriver-win32/chromedriver.exe] found in cache
2025-03-18 10:06:18,385 - INFO - WebDriver initialized successfully
2025-03-18 10:06:18,385 - INFO - Accessing careers page: https://www.tekreant.com/careers
2025-03-18 10:06:19,462 - INFO - Page loaded successfully
2025-03-18 10:06:24,478 - INFO - Page source saved to tekreant_page_source.html for debugging
2025-03-18 10:06:24,479 - WARNING - No job cards found with expected classes, trying alternative approach
2025-03-18 10:06:24,479 - INFO - Found 3 potential job titles
2025-03-18 10:06:24,479 - INFO - Processing job title: Software Developer (TSD24)
2025-03-18 10:06:24,479 - INFO - Found description text: Master’s only/equiv....
2025-03-18 10:06:24,479 - INFO - Found description text: Develop, create and modify computer applications s...
2025-03-18 10:06:24,479 - INFO - Found location span text: Develop, create and modify computer applications s...
2025-03-18 10:06:24,479 - INFO - Extracted job: Software Developer (TSD24)
2025-03-18 10:06:24,479 - INFO - Processing job title: QA Engineer I (TQEI23)
2025-03-18 10:06:24,479 - INFO - Found description text: Master's+2yrs exp/equiv....
2025-03-18 10:06:24,479 - INFO - Found description text: SQL, NoSQL, Agile Scrum, JMeter, Java, Maven, GitH...
2025-03-18 10:06:24,479 - INFO - Found location span text: SQL, NoSQL, Agile Scrum, JMeter, Java, Maven, GitH...
2025-03-18 10:06:24,479 - INFO - Extracted job: QA Engineer I (TQEI23)
2025-03-18 10:06:24,479 - INFO - Processing job title: QA Engineer (TQE23)
2025-03-18 10:06:24,479 - INFO - Found description text: Bachelor's+3yrs exp/equiv....
2025-03-18 10:06:24,479 - INFO - Found description text: SQL, Java, Maven, Jenkins, LINUX, ALM, Jira and
  ...
2025-03-18 10:06:24,481 - INFO - Found location span text: SQL, Java, Maven, Jenkins, LINUX, ALM, Jira and
  ...
2025-03-18 10:06:24,481 - INFO - Extracted job: QA Engineer (TQE23)
2025-03-18 10:06:24,481 - INFO - Scraped 3 jobs and saved to job_listings.csv
2025-03-18 10:06:24,481 - INFO - Summary of jobs found:
2025-03-18 10:06:24,481 - INFO - Job 1: Software Developer (TSD24)
2025-03-18 10:06:24,481 - INFO -    Description: Master’s only/equiv. Develop, create and modify computer applications software. Develop, create and ...
2025-03-18 10:06:24,481 - INFO - Job 2: QA Engineer I (TQEI23)
2025-03-18 10:06:24,481 - INFO -    Description: Master's+2yrs exp/equiv. SQL, NoSQL, Agile Scrum, JMeter, Java, Maven, GitHub
                      ...
2025-03-18 10:06:24,481 - INFO - Job 3: QA Engineer (TQE23)
2025-03-18 10:06:24,481 - INFO -    Description: Bachelor's+3yrs exp/equiv. SQL, Java, Maven, Jenkins, LINUX, ALM, Jira and
                        J...
2025-03-18 10:06:28,115 - INFO - WebDriver closed
